Build started 15.09.2016 12:42:23.
     1>Project "C:\Users\FominovSM\documents\visual studio 2010\Projects\2zadanie\2zadanie\2zadanie.vcxproj" on node 2 (build target(s)).
     1>InitializeBuildStatus:
         Creating "Debug\2zadanie.unsuccessfulbuild" because "AlwaysCreate" was specified.
       GenerateTargetFrameworkMonikerAttribute:
       Skipping target "GenerateTargetFrameworkMonikerAttribute" because all output files are up-to-date with respect to the input files.
       ClCompile:
         All outputs are up-to-date.
         c:\Program Files (x86)\Microsoft Visual Studio 10.0\VC\bin\CL.exe /c /AI"C:\Program Files (x86)\Reference Assemblies\Microsoft\Framework\.NETFramework\v4.0" /Zi /clr:pure /nologo /W3 /WX- /Od /Oy- /D WIN32 /D _DEBUG /D _UNICODE /D UNICODE /EHa /MDd /GS /fp:precise /Zc:wchar_t /Zc:forScope /Yu"StdAfx.h" /Fp"Debug\2zadanie.pch" /Fo"Debug\\" /Fd"Debug\vc100.pdb" /TP /FU"C:\Program Files (x86)\Reference Assemblies\Microsoft\Framework\.NETFramework\v4.0\System.Core.dll" /FU"C:\Program Files (x86)\Reference Assemblies\Microsoft\Framework\.NETFramework\v4.0\System.Data.dll" /FU"C:\Program Files (x86)\Reference Assemblies\Microsoft\Framework\.NETFramework\v4.0\System.dll" /FU"C:\Program Files (x86)\Reference Assemblies\Microsoft\Framework\.NETFramework\v4.0\System.Drawing.dll" /FU"C:\Program Files (x86)\Reference Assemblies\Microsoft\Framework\.NETFramework\v4.0\System.Windows.Forms.dll" /FU"C:\Program Files (x86)\Reference Assemblies\Microsoft\Framework\.NETFramework\v4.0\System.Xml.dll" /analyze- /errorReport:prompt 2zadanie.cpp /clr:nostdlib 
         2zadanie.cpp
         All outputs are up-to-date.
       CoreResGen:
         No resources are out of date with respect to their source files. Skipping resource generation.
       ResourceCompile:
         All outputs are up-to-date.
       Link:
         c:\Program Files (x86)\Microsoft Visual Studio 10.0\VC\bin\link.exe /ERRORREPORT:PROMPT /OUT:"C:\Users\FominovSM\documents\visual studio 2010\Projects\2zadanie\Debug\2zadanie.exe" /INCREMENTAL /NOLOGO /ASSEMBLYRESOURCE:Debug\My2zadanie.Form1.resources /MANIFEST /ManifestFile:"Debug\2zadanie.exe.intermediate.manifest" /MANIFESTUAC:"level='asInvoker' uiAccess='false'" /DEBUG /PDB:"C:\Users\FominovSM\documents\visual studio 2010\Projects\2zadanie\Debug\2zadanie.pdb" /ASSEMBLYDEBUG /SUBSYSTEM:WINDOWS /TLBID:1 /ENTRY:"main" /DYNAMICBASE /FIXED:NO /NXCOMPAT /MACHINE:X86 Debug\app.res
         Debug\2zadanie.obj
         Debug\AssemblyInfo.obj
         Debug\stdafx.obj
         "Debug\.NETFramework,Version=v4.0.AssemblyAttributes.obj"
         2zadanie.vcxproj -> C:\Users\FominovSM\documents\visual studio 2010\Projects\2zadanie\Debug\2zadanie.exe
       Manifest:
         C:\Program Files (x86)\Microsoft SDKs\Windows\v7.0A\bin\mt.exe /nologo /verbose /outputresource:"C:\Users\FominovSM\documents\visual studio 2010\Projects\2zadanie\Debug\2zadanie.exe;#1" /manifest Debug\2zadanie.exe.intermediate.manifest
       FinalizeBuildStatus:
         Deleting file "Debug\2zadanie.unsuccessfulbuild".
         Touching "Debug\2zadanie.lastbuildstate".
     1>Done Building Project "C:\Users\FominovSM\documents\visual studio 2010\Projects\2zadanie\2zadanie\2zadanie.vcxproj" (build target(s)).

Build succeeded.

Time Elapsed 00:00:00.53
